<?xml version="1.0" encoding="UTF-8"?>
<!-- Generated by org.testng.reporters.JUnitXMLReporter -->
<testsuite ignored="0" hostname="DESKTOP-CL5KIK8" failures="0" tests="3" name="Test" time="52.917" errors="0" timestamp="2024-03-25T23:17:47 EDT">
  <testcase classname="beauty.launchMaybelline_Test" name="Maybelline" time="20.025"/>
  <testcase classname="beauty.launchSugar_Test" name="Sugar" time="21.786"/>
  <testcase classname="beauty.launchLoreal_Test" name="loreal" time="11.02"/>
</testsuite> <!-- Test -->
