<?xml version="1.0" encoding="UTF-8"?>
<!-- Generated by org.testng.reporters.JUnitXMLReporter -->
<testsuite ignored="0" hostname="DESKTOP-CL5KIK8" failures="0" tests="3" name="Test" time="32.338" errors="0" timestamp="2024-03-21T11:16:17 EDT">
  <testcase classname="food.launchGrubhub_Test" name="grubhub" time="9.629"/>
  <testcase classname="food.launchSwiggy_Test" name="Swiggy" time="10.52"/>
  <testcase classname="food.launchZomato_Test" name="Zomato" time="12.189"/>
</testsuite> <!-- Test -->
