<?xml version="1.0" encoding="UTF-8"?>
<testng-results ignored="0" total="1" passed="1" failed="0" skipped="0">
  <reporter-output>
  </reporter-output>
  <suite started-at="2024-03-25T23:32:44 EDT" name="Surefire suite" finished-at="2024-03-25T23:33:01 EDT" duration-ms="17501">
    <groups>
    </groups>
    <test started-at="2024-03-25T23:32:44 EDT" name="Surefire test" finished-at="2024-03-25T23:33:01 EDT" duration-ms="17501">
      <class name="socialMedia.launchGoogle_Test">
        <test-method signature="google()[pri:0, instance:socialMedia.launchGoogle_Test@2aceadd4]" started-at="2024-03-25T23:32:44 EDT" name="google" finished-at="2024-03-25T23:33:01 EDT" duration-ms="17460" status="PASS">
          <reporter-output>
          </reporter-output>
        </test-method> <!-- google -->
      </class> <!-- socialMedia.launchGoogle_Test -->
    </test> <!-- Surefire test -->
  </suite> <!-- Surefire suite -->
</testng-results>
